  0  0  0  0  0
  0  0  2  0  2
  0  0  0  0  0
  0  0  0  0  0
  0  0  0  0  0
2
  0  0  0  0  0  2
  0  0  0  0  0  0
  0  0  0  0  0  2
  0  0  0  0  0  0
  0  0  0  0  0  2
  0  0  0  0  0  0
2
  0  0  0  2  0  2  0
  0  0  2  0  2  0  2
  0  0  0  2  0  2  0
  0  0  0  0  0  0  0
  0  0  0  0  0  0  0
  0  0  0  0  0  0  0
  0  0  0  0  0  0  0
2
  0  0  0  2  0  2  0  6
  0  0  2  0  2  0  4  0
  0  0  0  2  0  2  0  6
  0  0  0  0  0  0  2  0
  0  0  0  0  0  0  0  4
  0  0  0  0  0  0  2  0
  0  0  0  0  0  0  0  0
  0  0  0  0  0  0  0  0
6
  0  2  0  2  0  6  0  8  0
  0  0  0  0  2  0  2  0  8
  0  0  0  0  0  4  0  6  0
  0  0  0  0  2  0  2  0  2
  0  0  0  0  0  0  0  2  0
  0  0  0  0  0  0  0  0  0
  0  0  0  0  0  0  0  2  0
  0  0  0  0  0  0  0  0  0
  0  0  0  0  0  0  0  0  0
8
  0  2  0  2  0  2  0  2  0  2
  0  0  0  0  0  0  0  0  2  0
  0  0  0  0  0  0  0  0  0  0
  0  0  0  0  0  0  0  0  2  0
  0  0  0  0  0  0  0  0  0  0
  0  0  0  0  0  0  0  0  2  0
  0  0  0  0  0  0  0  0  0  0
  0  0  0  0  0  0  0  0  2  0
  0  0  0  0  0  0  0  0  0  0
  0  0  0  0  0  0  0  0  0  0
2
  0  0  0  4  0  4  0  6  0  6  0
  0  0  2  0  2  0  2  0  2  0  4
  0  0  0  0  0  0  0  2  0  2  0
  0  0  0  0  0  0  0  0  0  0  2
  0  0  0  0  0  0  0  2  0  2  0
  0  0  0  0  0  0  0  0  0  0  2
  0  0  0  0  0  0  0  2  0  2  0
  0  0  0  0  0  0  0  0  0  0  2
  0  0  0  0  0  0  0  0  0  0  0
  0  0  0  0  0  0  0  0  0  0  2
  0  0  0  0  0  0  0  0  0  0  0
6
  0  0  0  0  0  2  0  2  0  4  0  6
  0  0  2  0  4  0  4  0  4  0  4  0
  0  0  0  0  0  2  0  2  0  4  0  6
  0  0  0  0  2  0  2  0  2  0  2  0
  0  0  0  0  0  2  0  2  0  4  0  6
  0  0  0  0  0  0  0  0  0  0  0  0
  0  0  0  0  0  0  0  0  0  2  0  4
  0  0  0  0  0  0  0  0  0  0  0  0
  0  0  0  0  0  0  0  0  0  2  0  4
  0  0  0  0  0  0  0  0  0  0  0  0
  0  0  0  0  0  0  0  0  0  0  0  2
  0  0  0  0  0  0  0  0  0  0  0  0
6
  0  2  0  4  0  4  0  4  0  6  0  6  0
  0  0  2  0  4  0  4  0  4  0  4  0  4
  0  0  0  2  0  2  0  2  0  4  0  4  0
  0  0  0  0  2  0  2  0  2  0  2  0  2
  0  0  0  0  0  0  0  0  0  2  0  2  0
  0  0  0  0  0  0  0  0  0  0  0  0  0
  0  0  0  0  0  0  0  0  0  2  0  2  0
  0  0  0  0  0  0  0  0  0  0  0  0  0
  0  0  0  0  0  0  0  0  0  2  0  2  0
  0  0  0  0  0  0  0  0  0  0  0  0  0
  0  0  0  0  0  0  0  0  0  0  0  0  0
  0  0  0  0  0  0  0  0  0  0  0  0  0
  0  0  0  0  0  0  0  0  0  0  0  0  0
6
  0  2  0  2  0  4  0  6  0  6  0  8  0  8
  0  0  0  0  0  0  0  0  6  0  6  0  6  0
  0  0  0  0  0  2  0  4  0  4  0  6  0  6
  0  0  0  0  0  0  0  0  6  0  6  0  6  0
  0  0  0  0  0  2  0  4  0  4  0  6  0  6
  0  0  0  0  0  0  0  0  0  0  0  0  0  0
  0  0  0  0  0  0  0  2  0  2  0  4  0  4
  0  0  0  0  0  0  0  0  0  0  0  0  0  0
  0  0  0  0  0  0  0  0  0  0  0  2  0  2
  0  0  0  0  0  0  0  0  0  0  0  0  0  0
  0  0  0  0  0  0  0  0  0  0  0  2  0  2
  0  0  0  0  0  0  0  0  0  0  0  0  0  0
  0  0  0  0  0  0  0  0  0  0  0  0  0  0
  0  0  0  0  0  0  0  0  0  0  0  0  0  0
8
  0  0  0  0  0  0  0  2  0  6  0 10  0 10  0
  0  0  0  0  2  0  2  0  6  0  8  0 12  0 12
  0  0  0  0  0  0  0  2  0  6  0 10  0 10  0
  0  0  0  0  2  0  2  0  6  0  8  0  8  0  8
  0  0  0  0  0  0  0  2  0  6  0  6  0  6  0
  0  0  0  0  0  0  0  0  4  0  6  0  6  0  6
  0  0  0  0  0  0  0  2  0  4  0  4  0  4  0
  0  0  0  0  0  0  0  0  0  0  4  0  4  0  4
  0  0  0  0  0  0  0  0  0  2  0  2  0  2  0
  0  0  0  0  0  0  0  0  0  0  2  0  2  0  2
  0  0  0  0  0  0  0  0  0  0  0  0  0  0  0
  0  0  0  0  0  0  0  0  0  0  0  0  0  0  0
  0  0  0  0  0  0  0  0  0  0  0  0  0  0  0
  0  0  0  0  0  0  0  0  0  0  0  0  0  0  0
  0  0  0  0  0  0  0  0  0  0  0  0  0  0  0
12
  0  0  0  2  0  2  0  4  0  4  0  6  0  8  0  8
  0  0  0  0  0  0  0  0  0  0  2  0  2  0  6  0
  0  0  0  2  0  2  0  4  0  4  0  6  0  8  0  8
  0  0  0  0  0  0  0  0  0  0  2  0  2  0  6  0
  0  0  0  0  0  0  0  2  0  2  0  4  0  6  0  6
  0  0  0  0  0  0  0  0  0  0  2  0  2  0  6  0
  0  0  0  0  0  0  0  2  0  2  0  4  0  6  0  6
  0  0  0  0  0  0  0  0  0  0  2  0  2  0  6  0
  0  0  0  0  0  0  0  0  0  0  0  2  0  4  0  4
  0  0  0  0  0  0  0  0  0  0  2  0  2  0  6  0
  0  0  0  0  0  0  0  0  0  0  0  2  0  4  0  4
  0  0  0  0  0  0  0  0  0  0  0  0  0  0  4  0
  0  0  0  0  0  0  0  0  0  0  0  0  0  2  0  2
  0  0  0  0  0  0  0  0  0  0  0  0  0  0  0  0
  0  0  0  0  0  0  0  0  0  0  0  0  0  0  0  0
  0  0  0  0  0  0  0  0  0  0  0  0  0  0  0  0
8
  0  0  0  2  0  2  0  4  0  6  0  8  0  8  0  8  0
  0  0  0  0  4  0  4  0  4  0  8  0  8  0  8  0 10
  0  0  0  2  0  2  0  4  0  6  0  8  0  8  0  8  0
  0  0  0  0  2  0  2  0  2  0  6  0  6  0  6  0  8
  0  0  0  0  0  0  0  2  0  4  0  6  0  6  0  6  0
  0  0  0  0  0  0  0  0  0  0  4  0  4  0  4  0  6
  0  0  0  0  0  0  0  2  0  4  0  6  0  6  0  6  0
  0  0  0  0  0  0  0  0  0  0  4  0  4  0  4  0  6
  0  0  0  0  0  0  0  0  0  2  0  4  0  4  0  4  0
  0  0  0  0  0  0  0  0  0  0  0  0  4  0  4  0  6
  0  0  0  0  0  0  0  0  0  0  0  2  0  2  0  2  0
  0  0  0  0  0  0  0  0  0  0  0  0  0  0  0  0  2
  0  0  0  0  0  0  0  0  0  0  0  0  0  0  0  0  0
  0  0  0  0  0  0  0  0  0  0  0  0  0  0  0  0  2
  0  0  0  0  0  0  0  0  0  0  0  0  0  0  0  0  0
  0  0  0  0  0  0  0  0  0  0  0  0  0  0  0  0  2
  0  0  0  0  0  0  0  0  0  0  0  0  0  0  0  0  0
10
  0  2  0  4  0  4  0  4  0  6  0  6  0 12  0 12  0 12
  0  0  0  0  0  0  0  0  0  0  4  0  6  0  6  0  6  0
  0  0  0  2  0  2  0  2  0  4  0  4  0 10  0 10  0 10
  0  0  0  0  0  0  0  0  0  0  4  0  6  0  6  0  6  0
  0  0  0  0  0  0  0  0  0  2  0  2  0  8  0  8  0  8
  0  0  0  0  0  0  0  0  0  0  4  0  6  0  6  0  6  0
  0  0  0  0  0  0  0  0  0  2  0  2  0  8  0  8  0  8
  0  0  0  0  0  0  0  0  0  0  4  0  6  0  6  0  6  0
  0  0  0  0  0  0  0  0  0  2  0  2  0  2  0  2  0  2
  0  0  0  0  0  0  0  0  0  0  0  0  2  0  2  0  2  0
  0  0  0  0  0  0  0  0  0  0  0  0  0  0  0  0  0  0
  0  0  0  0  0  0  0  0  0  0  0  0  2  0  2  0  2  0
  0  0  0  0  0  0  0  0  0  0  0  0  0  0  0  0  0  0
  0  0  0  0  0  0  0  0  0  0  0  0  0  0  0  0  0  0
  0  0  0  0  0  0  0  0  0  0  0  0  0  0  0  0  0  0
  0  0  0  0  0  0  0  0  0  0  0  0  0  0  0  0  0  0
  0  0  0  0  0  0  0  0  0  0  0  0  0  0  0  0  0  0
  0  0  0  0  0  0  0  0  0  0  0  0  0  0  0  0  0  0
12
  0  2  0  4  0  4  0  4  0  6  0  6  0  8  0 10  0 10  0
  0  0  2  0  2  0  2  0  2  0  2  0  2  0  6  0  6  0  6
  0  0  0  2  0  2  0  2  0  4  0  4  0  6  0  8  0  8  0
  0  0  0  0  0  0  0  0  0  0  0  0  0  0  4  0  4  0  4
  0  0  0  0  0  0  0  0  0  2  0  2  0  4  0  6  0  6  0
  0  0  0  0  0  0  0  0  0  0  0  0  0  0  4  0  4  0  4
  0  0  0  0  0  0  0  0  0  2  0  2  0  4  0  6  0  6  0
  0  0  0  0  0  0  0  0  0  0  0  0  0  0  4  0  4  0  4
  0  0  0  0  0  0  0  0  0  2  0  2  0  4  0  6  0  6  0
  0  0  0  0  0  0  0  0  0  0  0  0  0  0  4  0  4  0  4
  0  0  0  0  0  0  0  0  0  0  0  0  0  2  0  4  0  4  0
  0  0  0  0  0  0  0  0  0  0  0  0  0  0  4  0  4  0  4
  0  0  0  0  0  0  0  0  0  0  0  0  0  2  0  4  0  4  0
  0  0  0  0  0  0  0  0  0  0  0  0  0  0  0  0  0  0  0
  0  0  0  0  0  0  0  0  0  0  0  0  0  0  0  2  0  2  0
  0  0  0  0  0  0  0  0  0  0  0  0  0  0  0  0  0  0  0
  0  0  0  0  0  0  0  0  0  0  0  0  0  0  0  0  0  0  0
  0  0  0  0  0  0  0  0  0  0  0  0  0  0  0  0  0  0  0
  0  0  0  0  0  0  0  0  0  0  0  0  0  0  0  0  0  0  0
10
  0  0  0  0  0  2  0  2  0  6  0 10  0 14  0 16  0 16  0 16
  0  0  0  0  0  0  4  0  6  0  8  0 12  0 12  0 14  0 14  0
  0  0  0  0  0  2  0  2  0  6  0 10  0 10  0 12  0 12  0 12
  0  0  0  0  0  0  4  0  6  0  8  0  8  0  8  0 10  0 10  0
  0  0  0  0  0  2  0  2  0  6  0  6  0  6  0  8  0  8  0  8
  0  0  0  0  0  0  0  0  2  0  4  0  4  0  4  0  6  0  6  0
  0  0  0  0  0  0  0  0  0  4  0  4  0  4  0  6  0  6  0  6
  0  0  0  0  0  0  0  0  2  0  4  0  4  0  4  0  6  0  6  0
  0  0  0  0  0  0  0  0  0  0  0  0  0  0  0  2  0  2  0  2
  0  0  0  0  0  0  0  0  0  0  2  0  2  0  2  0  4  0  4  0
  0  0  0  0  0  0  0  0  0  0  0  0  0  0  0  2  0  2  0  2
  0  0  0  0  0  0  0  0  0  0  0  0  0  0  0  0  2  0  2  0
  0  0  0  0  0  0  0  0  0  0  0  0  0  0  0  2  0  2  0  2
  0  0  0  0  0  0  0  0  0  0  0  0  0  0  0  0  2  0  2  0
  0  0  0  0  0  0  0  0  0  0  0  0  0  0  0  2  0  2  0  2
  0  0  0  0  0  0  0  0  0  0  0  0  0  0  0  0  2  0  2  0
  0  0  0  0  0  0  0  0  0  0  0  0  0  0  0  0  0  0  0  0
  0  0  0  0  0  0  0  0  0  0  0  0  0  0  0  0  0  0  0  0
  0  0  0  0  0  0  0  0  0  0  0  0  0  0  0  0  0  0  0  0
  0  0  0  0  0  0  0  0  0  0  0  0  0  0  0  0  0  0  0  0
16
